0 info it worked if it ends with ok
1 verbose cli [ '/usr/local/bin/node', '/usr/local/bin/npm', 'i' ]
2 info using npm@3.10.10
3 info using node@v6.11.3
4 silly loadCurrentTree Starting
5 silly install loadCurrentTree
6 silly install readLocalPackageData
7 silly install normalizeTree
8 silly loadCurrentTree Finishing
9 silly loadIdealTree Starting
10 silly install loadIdealTree
11 silly cloneCurrentTree Starting
12 silly install cloneCurrentTreeToIdealTree
13 silly cloneCurrentTree Finishing
14 silly loadShrinkwrap Starting
15 silly install loadShrinkwrap
16 silly loadShrinkwrap Finishing
17 silly loadAllDepsIntoIdealTree Starting
18 silly install loadAllDepsIntoIdealTree
19 silly fetchNamedPackageData eslint
20 silly mapToRegistry name eslint
21 silly mapToRegistry using default registry
22 silly mapToRegistry registry https://registry.npmjs.org/
23 silly mapToRegistry data Result {
23 silly mapToRegistry   raw: 'eslint',
23 silly mapToRegistry   scope: null,
23 silly mapToRegistry   escapedName: 'eslint',
23 silly mapToRegistry   name: 'eslint',
23 silly mapToRegistry   rawSpec: '',
23 silly mapToRegistry   spec: 'latest',
23 silly mapToRegistry   type: 'tag' }
24 silly mapToRegistry uri https://registry.npmjs.org/eslint
25 silly fetchNamedPackageData eslint-config-mourner
26 silly mapToRegistry name eslint-config-mourner
27 silly mapToRegistry using default registry
28 silly mapToRegistry registry https://registry.npmjs.org/
29 silly mapToRegistry data Result {
29 silly mapToRegistry   raw: 'eslint-config-mourner',
29 silly mapToRegistry   scope: null,
29 silly mapToRegistry   escapedName: 'eslint-config-mourner',
29 silly mapToRegistry   name: 'eslint-config-mourner',
29 silly mapToRegistry   rawSpec: '',
29 silly mapToRegistry   spec: 'latest',
29 silly mapToRegistry   type: 'tag' }
30 silly mapToRegistry uri https://registry.npmjs.org/eslint-config-mourner
31 silly fetchNamedPackageData git-rev-sync
32 silly mapToRegistry name git-rev-sync
33 silly mapToRegistry using default registry
34 silly mapToRegistry registry https://registry.npmjs.org/
35 silly mapToRegistry data Result {
35 silly mapToRegistry   raw: 'git-rev-sync',
35 silly mapToRegistry   scope: null,
35 silly mapToRegistry   escapedName: 'git-rev-sync',
35 silly mapToRegistry   name: 'git-rev-sync',
35 silly mapToRegistry   rawSpec: '',
35 silly mapToRegistry   spec: 'latest',
35 silly mapToRegistry   type: 'tag' }
36 silly mapToRegistry uri https://registry.npmjs.org/git-rev-sync
37 silly fetchNamedPackageData happen
38 silly mapToRegistry name happen
39 silly mapToRegistry using default registry
40 silly mapToRegistry registry https://registry.npmjs.org/
41 silly mapToRegistry data Result {
41 silly mapToRegistry   raw: 'happen',
41 silly mapToRegistry   scope: null,
41 silly mapToRegistry   escapedName: 'happen',
41 silly mapToRegistry   name: 'happen',
41 silly mapToRegistry   rawSpec: '',
41 silly mapToRegistry   spec: 'latest',
41 silly mapToRegistry   type: 'tag' }
42 silly mapToRegistry uri https://registry.npmjs.org/happen
43 silly fetchNamedPackageData jake
44 silly mapToRegistry name jake
45 silly mapToRegistry using default registry
46 silly mapToRegistry registry https://registry.npmjs.org/
47 silly mapToRegistry data Result {
47 silly mapToRegistry   raw: 'jake',
47 silly mapToRegistry   scope: null,
47 silly mapToRegistry   escapedName: 'jake',
47 silly mapToRegistry   name: 'jake',
47 silly mapToRegistry   rawSpec: '',
47 silly mapToRegistry   spec: 'latest',
47 silly mapToRegistry   type: 'tag' }
48 silly mapToRegistry uri https://registry.npmjs.org/jake
49 silly fetchNamedPackageData karma
50 silly mapToRegistry name karma
51 silly mapToRegistry using default registry
52 silly mapToRegistry registry https://registry.npmjs.org/
53 silly mapToRegistry data Result {
53 silly mapToRegistry   raw: 'karma',
53 silly mapToRegistry   scope: null,
53 silly mapToRegistry   escapedName: 'karma',
53 silly mapToRegistry   name: 'karma',
53 silly mapToRegistry   rawSpec: '',
53 silly mapToRegistry   spec: 'latest',
53 silly mapToRegistry   type: 'tag' }
54 silly mapToRegistry uri https://registry.npmjs.org/karma
55 silly fetchNamedPackageData karma-chrome-launcher
56 silly mapToRegistry name karma-chrome-launcher
57 silly mapToRegistry using default registry
58 silly mapToRegistry registry https://registry.npmjs.org/
59 silly mapToRegistry data Result {
59 silly mapToRegistry   raw: 'karma-chrome-launcher',
59 silly mapToRegistry   scope: null,
59 silly mapToRegistry   escapedName: 'karma-chrome-launcher',
59 silly mapToRegistry   name: 'karma-chrome-launcher',
59 silly mapToRegistry   rawSpec: '',
59 silly mapToRegistry   spec: 'latest',
59 silly mapToRegistry   type: 'tag' }
60 silly mapToRegistry uri https://registry.npmjs.org/karma-chrome-launcher
61 silly fetchNamedPackageData karma-coverage
62 silly mapToRegistry name karma-coverage
63 silly mapToRegistry using default registry
64 silly mapToRegistry registry https://registry.npmjs.org/
65 silly mapToRegistry data Result {
65 silly mapToRegistry   raw: 'karma-coverage',
65 silly mapToRegistry   scope: null,
65 silly mapToRegistry   escapedName: 'karma-coverage',
65 silly mapToRegistry   name: 'karma-coverage',
65 silly mapToRegistry   rawSpec: '',
65 silly mapToRegistry   spec: 'latest',
65 silly mapToRegistry   type: 'tag' }
66 silly mapToRegistry uri https://registry.npmjs.org/karma-coverage
67 silly fetchNamedPackageData karma-firefox-launcher
68 silly mapToRegistry name karma-firefox-launcher
69 silly mapToRegistry using default registry
70 silly mapToRegistry registry https://registry.npmjs.org/
71 silly mapToRegistry data Result {
71 silly mapToRegistry   raw: 'karma-firefox-launcher',
71 silly mapToRegistry   scope: null,
71 silly mapToRegistry   escapedName: 'karma-firefox-launcher',
71 silly mapToRegistry   name: 'karma-firefox-launcher',
71 silly mapToRegistry   rawSpec: '',
71 silly mapToRegistry   spec: 'latest',
71 silly mapToRegistry   type: 'tag' }
72 silly mapToRegistry uri https://registry.npmjs.org/karma-firefox-launcher
73 silly fetchNamedPackageData karma-mocha
74 silly mapToRegistry name karma-mocha
75 silly mapToRegistry using default registry
76 silly mapToRegistry registry https://registry.npmjs.org/
77 silly mapToRegistry data Result {
77 silly mapToRegistry   raw: 'karma-mocha',
77 silly mapToRegistry   scope: null,
77 silly mapToRegistry   escapedName: 'karma-mocha',
77 silly mapToRegistry   name: 'karma-mocha',
77 silly mapToRegistry   rawSpec: '',
77 silly mapToRegistry   spec: 'latest',
77 silly mapToRegistry   type: 'tag' }
78 silly mapToRegistry uri https://registry.npmjs.org/karma-mocha
79 silly fetchNamedPackageData karma-phantomjs-launcher
80 silly mapToRegistry name karma-phantomjs-launcher
81 silly mapToRegistry using default registry
82 silly mapToRegistry registry https://registry.npmjs.org/
83 silly mapToRegistry data Result {
83 silly mapToRegistry   raw: 'karma-phantomjs-launcher',
83 silly mapToRegistry   scope: null,
83 silly mapToRegistry   escapedName: 'karma-phantomjs-launcher',
83 silly mapToRegistry   name: 'karma-phantomjs-launcher',
83 silly mapToRegistry   rawSpec: '',
83 silly mapToRegistry   spec: 'latest',
83 silly mapToRegistry   type: 'tag' }
84 silly mapToRegistry uri https://registry.npmjs.org/karma-phantomjs-launcher
85 silly fetchNamedPackageData karma-rollup-preprocessor
86 silly mapToRegistry name karma-rollup-preprocessor
87 silly mapToRegistry using default registry
88 silly mapToRegistry registry https://registry.npmjs.org/
89 silly mapToRegistry data Result {
89 silly mapToRegistry   raw: 'karma-rollup-preprocessor',
89 silly mapToRegistry   scope: null,
89 silly mapToRegistry   escapedName: 'karma-rollup-preprocessor',
89 silly mapToRegistry   name: 'karma-rollup-preprocessor',
89 silly mapToRegistry   rawSpec: '',
89 silly mapToRegistry   spec: 'latest',
89 silly mapToRegistry   type: 'tag' }
90 silly mapToRegistry uri https://registry.npmjs.org/karma-rollup-preprocessor
91 silly fetchNamedPackageData karma-safari-launcher
92 silly mapToRegistry name karma-safari-launcher
93 silly mapToRegistry using default registry
94 silly mapToRegistry registry https://registry.npmjs.org/
95 silly mapToRegistry data Result {
95 silly mapToRegistry   raw: 'karma-safari-launcher',
95 silly mapToRegistry   scope: null,
95 silly mapToRegistry   escapedName: 'karma-safari-launcher',
95 silly mapToRegistry   name: 'karma-safari-launcher',
95 silly mapToRegistry   rawSpec: '',
95 silly mapToRegistry   spec: 'latest',
95 silly mapToRegistry   type: 'tag' }
96 silly mapToRegistry uri https://registry.npmjs.org/karma-safari-launcher
97 silly fetchNamedPackageData leafdoc
98 silly mapToRegistry name leafdoc
99 silly mapToRegistry using default registry
100 silly mapToRegistry registry https://registry.npmjs.org/
101 silly mapToRegistry data Result {
101 silly mapToRegistry   raw: 'leafdoc',
101 silly mapToRegistry   scope: null,
101 silly mapToRegistry   escapedName: 'leafdoc',
101 silly mapToRegistry   name: 'leafdoc',
101 silly mapToRegistry   rawSpec: '',
101 silly mapToRegistry   spec: 'latest',
101 silly mapToRegistry   type: 'tag' }
102 silly mapToRegistry uri https://registry.npmjs.org/leafdoc
103 silly fetchNamedPackageData mocha
104 silly mapToRegistry name mocha
105 silly mapToRegistry using default registry
106 silly mapToRegistry registry https://registry.npmjs.org/
107 silly mapToRegistry data Result {
107 silly mapToRegistry   raw: 'mocha',
107 silly mapToRegistry   scope: null,
107 silly mapToRegistry   escapedName: 'mocha',
107 silly mapToRegistry   name: 'mocha',
107 silly mapToRegistry   rawSpec: '',
107 silly mapToRegistry   spec: 'latest',
107 silly mapToRegistry   type: 'tag' }
108 silly mapToRegistry uri https://registry.npmjs.org/mocha
109 silly fetchNamedPackageData phantomjs-prebuilt
110 silly mapToRegistry name phantomjs-prebuilt
111 silly mapToRegistry using default registry
112 silly mapToRegistry registry https://registry.npmjs.org/
113 silly mapToRegistry data Result {
113 silly mapToRegistry   raw: 'phantomjs-prebuilt',
113 silly mapToRegistry   scope: null,
113 silly mapToRegistry   escapedName: 'phantomjs-prebuilt',
113 silly mapToRegistry   name: 'phantomjs-prebuilt',
113 silly mapToRegistry   rawSpec: '',
113 silly mapToRegistry   spec: 'latest',
113 silly mapToRegistry   type: 'tag' }
114 silly mapToRegistry uri https://registry.npmjs.org/phantomjs-prebuilt
115 silly fetchNamedPackageData prosthetic-hand
116 silly mapToRegistry name prosthetic-hand
117 silly mapToRegistry using default registry
118 silly mapToRegistry registry https://registry.npmjs.org/
119 silly mapToRegistry data Result {
119 silly mapToRegistry   raw: 'prosthetic-hand',
119 silly mapToRegistry   scope: null,
119 silly mapToRegistry   escapedName: 'prosthetic-hand',
119 silly mapToRegistry   name: 'prosthetic-hand',
119 silly mapToRegistry   rawSpec: '',
119 silly mapToRegistry   spec: 'latest',
119 silly mapToRegistry   type: 'tag' }
120 silly mapToRegistry uri https://registry.npmjs.org/prosthetic-hand
121 silly fetchNamedPackageData rollup
122 silly mapToRegistry name rollup
123 silly mapToRegistry using default registry
124 silly mapToRegistry registry https://registry.npmjs.org/
125 silly mapToRegistry data Result {
125 silly mapToRegistry   raw: 'rollup',
125 silly mapToRegistry   scope: null,
125 silly mapToRegistry   escapedName: 'rollup',
125 silly mapToRegistry   name: 'rollup',
125 silly mapToRegistry   rawSpec: '',
125 silly mapToRegistry   spec: 'latest',
125 silly mapToRegistry   type: 'tag' }
126 silly mapToRegistry uri https://registry.npmjs.org/rollup
127 silly fetchNamedPackageData rollup-plugin-git-version
128 silly mapToRegistry name rollup-plugin-git-version
129 silly mapToRegistry using default registry
130 silly mapToRegistry registry https://registry.npmjs.org/
131 silly mapToRegistry data Result {
131 silly mapToRegistry   raw: 'rollup-plugin-git-version',
131 silly mapToRegistry   scope: null,
131 silly mapToRegistry   escapedName: 'rollup-plugin-git-version',
131 silly mapToRegistry   name: 'rollup-plugin-git-version',
131 silly mapToRegistry   rawSpec: '',
131 silly mapToRegistry   spec: 'latest',
131 silly mapToRegistry   type: 'tag' }
132 silly mapToRegistry uri https://registry.npmjs.org/rollup-plugin-git-version
133 silly fetchNamedPackageData rollup-plugin-json
134 silly mapToRegistry name rollup-plugin-json
135 silly mapToRegistry using default registry
136 silly mapToRegistry registry https://registry.npmjs.org/
137 silly mapToRegistry data Result {
137 silly mapToRegistry   raw: 'rollup-plugin-json',
137 silly mapToRegistry   scope: null,
137 silly mapToRegistry   escapedName: 'rollup-plugin-json',
137 silly mapToRegistry   name: 'rollup-plugin-json',
137 silly mapToRegistry   rawSpec: '',
137 silly mapToRegistry   spec: 'latest',
137 silly mapToRegistry   type: 'tag' }
138 silly mapToRegistry uri https://registry.npmjs.org/rollup-plugin-json
139 silly fetchNamedPackageData rollup-watch
140 silly mapToRegistry name rollup-watch
141 silly mapToRegistry using default registry
142 silly mapToRegistry registry https://registry.npmjs.org/
143 silly mapToRegistry data Result {
143 silly mapToRegistry   raw: 'rollup-watch',
143 silly mapToRegistry   scope: null,
143 silly mapToRegistry   escapedName: 'rollup-watch',
143 silly mapToRegistry   name: 'rollup-watch',
143 silly mapToRegistry   rawSpec: '',
143 silly mapToRegistry   spec: 'latest',
143 silly mapToRegistry   type: 'tag' }
144 silly mapToRegistry uri https://registry.npmjs.org/rollup-watch
145 silly fetchNamedPackageData source-map
146 silly mapToRegistry name source-map
147 silly mapToRegistry using default registry
148 silly mapToRegistry registry https://registry.npmjs.org/
149 silly mapToRegistry data Result {
149 silly mapToRegistry   raw: 'source-map',
149 silly mapToRegistry   scope: null,
149 silly mapToRegistry   escapedName: 'source-map',
149 silly mapToRegistry   name: 'source-map',
149 silly mapToRegistry   rawSpec: '',
149 silly mapToRegistry   spec: 'latest',
149 silly mapToRegistry   type: 'tag' }
150 silly mapToRegistry uri https://registry.npmjs.org/source-map
151 silly fetchNamedPackageData ssri
152 silly mapToRegistry name ssri
153 silly mapToRegistry using default registry
154 silly mapToRegistry registry https://registry.npmjs.org/
155 silly mapToRegistry data Result {
155 silly mapToRegistry   raw: 'ssri',
155 silly mapToRegistry   scope: null,
155 silly mapToRegistry   escapedName: 'ssri',
155 silly mapToRegistry   name: 'ssri',
155 silly mapToRegistry   rawSpec: '',
155 silly mapToRegistry   spec: 'latest',
155 silly mapToRegistry   type: 'tag' }
156 silly mapToRegistry uri https://registry.npmjs.org/ssri
157 silly fetchNamedPackageData uglify-js
158 silly mapToRegistry name uglify-js
159 silly mapToRegistry using default registry
160 silly mapToRegistry registry https://registry.npmjs.org/
161 silly mapToRegistry data Result {
161 silly mapToRegistry   raw: 'uglify-js',
161 silly mapToRegistry   scope: null,
161 silly mapToRegistry   escapedName: 'uglify-js',
161 silly mapToRegistry   name: 'uglify-js',
161 silly mapToRegistry   rawSpec: '',
161 silly mapToRegistry   spec: 'latest',
161 silly mapToRegistry   type: 'tag' }
162 silly mapToRegistry uri https://registry.npmjs.org/uglify-js
163 verbose request uri https://registry.npmjs.org/eslint
164 verbose request no auth needed
165 info attempt registry request try #1 at 4:34:09 PM
166 verbose request id 456fd5dc4d8761df
167 http request GET https://registry.npmjs.org/eslint
168 verbose request uri https://registry.npmjs.org/eslint-config-mourner
169 verbose request no auth needed
170 info attempt registry request try #1 at 4:34:09 PM
171 http request GET https://registry.npmjs.org/eslint-config-mourner
172 verbose request uri https://registry.npmjs.org/git-rev-sync
173 verbose request no auth needed
174 info attempt registry request try #1 at 4:34:09 PM
175 http request GET https://registry.npmjs.org/git-rev-sync
176 verbose request uri https://registry.npmjs.org/happen
177 verbose request no auth needed
178 info attempt registry request try #1 at 4:34:09 PM
179 http request GET https://registry.npmjs.org/happen
180 verbose request uri https://registry.npmjs.org/jake
181 verbose request no auth needed
182 info attempt registry request try #1 at 4:34:09 PM
183 http request GET https://registry.npmjs.org/jake
184 verbose request uri https://registry.npmjs.org/karma
185 verbose request no auth needed
186 info attempt registry request try #1 at 4:34:09 PM
187 http request GET https://registry.npmjs.org/karma
188 verbose request uri https://registry.npmjs.org/karma-chrome-launcher
189 verbose request no auth needed
190 info attempt registry request try #1 at 4:34:09 PM
191 http request GET https://registry.npmjs.org/karma-chrome-launcher
192 verbose request uri https://registry.npmjs.org/karma-coverage
193 verbose request no auth needed
194 info attempt registry request try #1 at 4:34:09 PM
195 http request GET https://registry.npmjs.org/karma-coverage
196 verbose request uri https://registry.npmjs.org/karma-firefox-launcher
197 verbose request no auth needed
198 info attempt registry request try #1 at 4:34:09 PM
199 http request GET https://registry.npmjs.org/karma-firefox-launcher
200 verbose request uri https://registry.npmjs.org/karma-mocha
201 verbose request no auth needed
202 info attempt registry request try #1 at 4:34:09 PM
203 http request GET https://registry.npmjs.org/karma-mocha
204 verbose request uri https://registry.npmjs.org/karma-phantomjs-launcher
205 verbose request no auth needed
206 info attempt registry request try #1 at 4:34:09 PM
207 http request GET https://registry.npmjs.org/karma-phantomjs-launcher
208 verbose request uri https://registry.npmjs.org/karma-rollup-preprocessor
209 verbose request no auth needed
210 info attempt registry request try #1 at 4:34:09 PM
211 http request GET https://registry.npmjs.org/karma-rollup-preprocessor
212 verbose request uri https://registry.npmjs.org/karma-safari-launcher
213 verbose request no auth needed
214 info attempt registry request try #1 at 4:34:09 PM
215 http request GET https://registry.npmjs.org/karma-safari-launcher
216 verbose request uri https://registry.npmjs.org/leafdoc
217 verbose request no auth needed
218 info attempt registry request try #1 at 4:34:09 PM
219 http request GET https://registry.npmjs.org/leafdoc
220 verbose request uri https://registry.npmjs.org/mocha
221 verbose request no auth needed
222 info attempt registry request try #1 at 4:34:09 PM
223 http request GET https://registry.npmjs.org/mocha
224 verbose request uri https://registry.npmjs.org/phantomjs-prebuilt
225 verbose request no auth needed
226 info attempt registry request try #1 at 4:34:09 PM
227 http request GET https://registry.npmjs.org/phantomjs-prebuilt
228 verbose request uri https://registry.npmjs.org/prosthetic-hand
229 verbose request no auth needed
230 info attempt registry request try #1 at 4:34:09 PM
231 http request GET https://registry.npmjs.org/prosthetic-hand
232 verbose request uri https://registry.npmjs.org/rollup
233 verbose request no auth needed
234 info attempt registry request try #1 at 4:34:09 PM
235 http request GET https://registry.npmjs.org/rollup
236 verbose request uri https://registry.npmjs.org/rollup-plugin-git-version
237 verbose request no auth needed
238 info attempt registry request try #1 at 4:34:09 PM
239 http request GET https://registry.npmjs.org/rollup-plugin-git-version
240 verbose request uri https://registry.npmjs.org/rollup-plugin-json
241 verbose request no auth needed
242 info attempt registry request try #1 at 4:34:09 PM
243 http request GET https://registry.npmjs.org/rollup-plugin-json
244 verbose request uri https://registry.npmjs.org/rollup-watch
245 verbose request no auth needed
246 info attempt registry request try #1 at 4:34:09 PM
247 http request GET https://registry.npmjs.org/rollup-watch
248 verbose request uri https://registry.npmjs.org/source-map
249 verbose request no auth needed
250 info attempt registry request try #1 at 4:34:09 PM
251 http request GET https://registry.npmjs.org/source-map
252 verbose request uri https://registry.npmjs.org/ssri
253 verbose request no auth needed
254 info attempt registry request try #1 at 4:34:09 PM
255 http request GET https://registry.npmjs.org/ssri
256 verbose request uri https://registry.npmjs.org/uglify-js
257 verbose request no auth needed
258 info attempt registry request try #1 at 4:34:09 PM
259 http request GET https://registry.npmjs.org/uglify-js
260 info retry will retry, error on last attempt: Error: self signed certificate
261 info retry will retry, error on last attempt: Error: self signed certificate
262 info retry will retry, error on last attempt: Error: self signed certificate
263 info retry will retry, error on last attempt: Error: self signed certificate
264 info retry will retry, error on last attempt: Error: self signed certificate
265 info retry will retry, error on last attempt: Error: self signed certificate
266 info retry will retry, error on last attempt: Error: self signed certificate
267 info retry will retry, error on last attempt: Error: self signed certificate
268 info retry will retry, error on last attempt: Error: self signed certificate
269 info attempt registry request try #2 at 4:34:34 PM
270 http request GET https://registry.npmjs.org/eslint
271 info retry will retry, error on last attempt: Error: self signed certificate
272 info retry will retry, error on last attempt: Error: self signed certificate
273 info attempt registry request try #2 at 4:34:34 PM
274 http request GET https://registry.npmjs.org/eslint-config-mourner
275 info attempt registry request try #2 at 4:34:34 PM
276 http request GET https://registry.npmjs.org/happen
277 info attempt registry request try #2 at 4:34:34 PM
278 http request GET https://registry.npmjs.org/git-rev-sync
279 info retry will retry, error on last attempt: Error: self signed certificate
280 info retry will retry, error on last attempt: Error: self signed certificate
281 info attempt registry request try #2 at 4:34:39 PM
282 http request GET https://registry.npmjs.org/jake
283 info attempt registry request try #2 at 4:34:39 PM
284 http request GET https://registry.npmjs.org/karma-chrome-launcher
285 info attempt registry request try #2 at 4:34:39 PM
286 http request GET https://registry.npmjs.org/karma
287 info retry will retry, error on last attempt: Error: self signed certificate
288 info retry will retry, error on last attempt: Error: self signed certificate
289 info attempt registry request try #2 at 4:34:39 PM
290 http request GET https://registry.npmjs.org/karma-coverage
291 info retry will retry, error on last attempt: Error: self signed certificate
292 info retry will retry, error on last attempt: Error: self signed certificate
293 info attempt registry request try #2 at 4:34:44 PM
294 http request GET https://registry.npmjs.org/karma-firefox-launcher
295 info attempt registry request try #2 at 4:34:44 PM
296 http request GET https://registry.npmjs.org/karma-phantomjs-launcher
297 info attempt registry request try #2 at 4:34:44 PM
298 http request GET https://registry.npmjs.org/karma-mocha
299 info retry will retry, error on last attempt: Error: self signed certificate
300 info retry will retry, error on last attempt: Error: self signed certificate
301 info attempt registry request try #2 at 4:34:44 PM
302 http request GET https://registry.npmjs.org/karma-rollup-preprocessor
303 info retry will retry, error on last attempt: Error: self signed certificate
304 info attempt registry request try #2 at 4:34:49 PM
305 http request GET https://registry.npmjs.org/leafdoc
306 info retry will retry, error on last attempt: Error: self signed certificate
307 info attempt registry request try #2 at 4:34:49 PM
308 http request GET https://registry.npmjs.org/mocha
309 info retry will retry, error on last attempt: Error: self signed certificate
310 info attempt registry request try #2 at 4:34:49 PM
311 http request GET https://registry.npmjs.org/karma-safari-launcher
312 info retry will retry, error on last attempt: Error: self signed certificate
313 info attempt registry request try #2 at 4:34:49 PM
314 http request GET https://registry.npmjs.org/phantomjs-prebuilt
315 info retry will retry, error on last attempt: Error: self signed certificate
316 info attempt registry request try #2 at 4:34:54 PM
317 http request GET https://registry.npmjs.org/prosthetic-hand
318 info retry will retry, error on last attempt: Error: self signed certificate
319 info attempt registry request try #2 at 4:34:54 PM
320 http request GET https://registry.npmjs.org/rollup
321 info attempt registry request try #2 at 4:34:54 PM
322 http request GET https://registry.npmjs.org/rollup-plugin-git-version
323 info retry will retry, error on last attempt: Error: self signed certificate
324 info retry will retry, error on last attempt: Error: self signed certificate
325 info attempt registry request try #2 at 4:34:54 PM
326 http request GET https://registry.npmjs.org/rollup-plugin-json
327 info retry will retry, error on last attempt: Error: self signed certificate
328 info attempt registry request try #2 at 4:34:59 PM
329 http request GET https://registry.npmjs.org/rollup-watch
330 info attempt registry request try #2 at 4:34:59 PM
331 http request GET https://registry.npmjs.org/source-map
332 info retry will retry, error on last attempt: Error: self signed certificate
333 info attempt registry request try #2 at 4:34:59 PM
334 http request GET https://registry.npmjs.org/ssri
335 info retry will retry, error on last attempt: Error: self signed certificate
336 info retry will retry, error on last attempt: Error: self signed certificate
337 info attempt registry request try #2 at 4:34:59 PM
338 http request GET https://registry.npmjs.org/uglify-js
339 info retry will retry, error on last attempt: Error: self signed certificate
340 info retry will retry, error on last attempt: Error: self signed certificate
341 info retry will retry, error on last attempt: Error: self signed certificate
342 info retry will retry, error on last attempt: Error: self signed certificate
343 info retry will retry, error on last attempt: Error: self signed certificate
344 info retry will retry, error on last attempt: Error: self signed certificate
345 info retry will retry, error on last attempt: Error: self signed certificate
346 info retry will retry, error on last attempt: Error: self signed certificate
347 info retry will retry, error on last attempt: Error: self signed certificate
348 info retry will retry, error on last attempt: Error: self signed certificate
349 info retry will retry, error on last attempt: Error: self signed certificate
350 info retry will retry, error on last attempt: Error: self signed certificate
351 info retry will retry, error on last attempt: Error: self signed certificate
352 info retry will retry, error on last attempt: Error: self signed certificate
353 info retry will retry, error on last attempt: Error: self signed certificate
354 info retry will retry, error on last attempt: Error: self signed certificate
355 info retry will retry, error on last attempt: Error: self signed certificate
356 info attempt registry request try #3 at 4:35:54 PM
357 http request GET https://registry.npmjs.org/eslint-config-mourner
358 info attempt registry request try #3 at 4:35:54 PM
359 http request GET https://registry.npmjs.org/happen
360 info attempt registry request try #3 at 4:35:54 PM
361 http request GET https://registry.npmjs.org/eslint
362 info attempt registry request try #3 at 4:35:54 PM
363 http request GET https://registry.npmjs.org/git-rev-sync
364 info attempt registry request try #3 at 4:35:59 PM
365 http request GET https://registry.npmjs.org/jake
366 info attempt registry request try #3 at 4:35:59 PM
367 http request GET https://registry.npmjs.org/karma
368 info attempt registry request try #3 at 4:35:59 PM
369 http request GET https://registry.npmjs.org/karma-chrome-launcher
370 silly fetchPackageMetaData Error: self signed certificate
370 silly fetchPackageMetaData     at Error (native)
370 silly fetchPackageMetaData     at TLSSocket.<anonymous> (_tls_wrap.js:1092:38)
370 silly fetchPackageMetaData     at emitNone (events.js:86:13)
370 silly fetchPackageMetaData     at TLSSocket.emit (events.js:185:7)
370 silly fetchPackageMetaData     at TLSSocket._finishInit (_tls_wrap.js:610:8)
370 silly fetchPackageMetaData     at TLSWrap.ssl.onhandshakedone (_tls_wrap.js:440:38)
370 silly fetchPackageMetaData  error for eslint-config-mourner@^2.0.1 { Error: self signed certificate
370 silly fetchPackageMetaData     at Error (native)
370 silly fetchPackageMetaData     at TLSSocket.<anonymous> (_tls_wrap.js:1092:38)
370 silly fetchPackageMetaData     at emitNone (events.js:86:13)
370 silly fetchPackageMetaData     at TLSSocket.emit (events.js:185:7)
370 silly fetchPackageMetaData     at TLSSocket._finishInit (_tls_wrap.js:610:8)
370 silly fetchPackageMetaData     at TLSWrap.ssl.onhandshakedone (_tls_wrap.js:440:38) code: 'DEPTH_ZERO_SELF_SIGNED_CERT' }
371 info attempt registry request try #3 at 4:35:59 PM
372 http request GET https://registry.npmjs.org/karma-coverage
373 silly fetchPackageMetaData Error: self signed certificate
373 silly fetchPackageMetaData     at Error (native)
373 silly fetchPackageMetaData     at TLSSocket.<anonymous> (_tls_wrap.js:1092:38)
373 silly fetchPackageMetaData     at emitNone (events.js:86:13)
373 silly fetchPackageMetaData     at TLSSocket.emit (events.js:185:7)
373 silly fetchPackageMetaData     at TLSSocket._finishInit (_tls_wrap.js:610:8)
373 silly fetchPackageMetaData     at TLSWrap.ssl.onhandshakedone (_tls_wrap.js:440:38)
373 silly fetchPackageMetaData  error for happen@~0.3.2 { Error: self signed certificate
373 silly fetchPackageMetaData     at Error (native)
373 silly fetchPackageMetaData     at TLSSocket.<anonymous> (_tls_wrap.js:1092:38)
373 silly fetchPackageMetaData     at emitNone (events.js:86:13)
373 silly fetchPackageMetaData     at TLSSocket.emit (events.js:185:7)
373 silly fetchPackageMetaData     at TLSSocket._finishInit (_tls_wrap.js:610:8)
373 silly fetchPackageMetaData     at TLSWrap.ssl.onhandshakedone (_tls_wrap.js:440:38) code: 'DEPTH_ZERO_SELF_SIGNED_CERT' }
374 silly fetchPackageMetaData Error: self signed certificate
374 silly fetchPackageMetaData     at Error (native)
374 silly fetchPackageMetaData     at TLSSocket.<anonymous> (_tls_wrap.js:1092:38)
374 silly fetchPackageMetaData     at emitNone (events.js:86:13)
374 silly fetchPackageMetaData     at TLSSocket.emit (events.js:185:7)
374 silly fetchPackageMetaData     at TLSSocket._finishInit (_tls_wrap.js:610:8)
374 silly fetchPackageMetaData     at TLSWrap.ssl.onhandshakedone (_tls_wrap.js:440:38)
374 silly fetchPackageMetaData  error for eslint@^4.5.0 { Error: self signed certificate
374 silly fetchPackageMetaData     at Error (native)
374 silly fetchPackageMetaData     at TLSSocket.<anonymous> (_tls_wrap.js:1092:38)
374 silly fetchPackageMetaData     at emitNone (events.js:86:13)
374 silly fetchPackageMetaData     at TLSSocket.emit (events.js:185:7)
374 silly fetchPackageMetaData     at TLSSocket._finishInit (_tls_wrap.js:610:8)
374 silly fetchPackageMetaData     at TLSWrap.ssl.onhandshakedone (_tls_wrap.js:440:38) code: 'DEPTH_ZERO_SELF_SIGNED_CERT' }
375 silly fetchPackageMetaData Error: self signed certificate
375 silly fetchPackageMetaData     at Error (native)
375 silly fetchPackageMetaData     at TLSSocket.<anonymous> (_tls_wrap.js:1092:38)
375 silly fetchPackageMetaData     at emitNone (events.js:86:13)
375 silly fetchPackageMetaData     at TLSSocket.emit (events.js:185:7)
375 silly fetchPackageMetaData     at TLSSocket._finishInit (_tls_wrap.js:610:8)
375 silly fetchPackageMetaData     at TLSWrap.ssl.onhandshakedone (_tls_wrap.js:440:38)
375 silly fetchPackageMetaData  error for git-rev-sync@^1.8.0 { Error: self signed certificate
375 silly fetchPackageMetaData     at Error (native)
375 silly fetchPackageMetaData     at TLSSocket.<anonymous> (_tls_wrap.js:1092:38)
375 silly fetchPackageMetaData     at emitNone (events.js:86:13)
375 silly fetchPackageMetaData     at TLSSocket.emit (events.js:185:7)
375 silly fetchPackageMetaData     at TLSSocket._finishInit (_tls_wrap.js:610:8)
375 silly fetchPackageMetaData     at TLSWrap.ssl.onhandshakedone (_tls_wrap.js:440:38) code: 'DEPTH_ZERO_SELF_SIGNED_CERT' }
376 info attempt registry request try #3 at 4:36:04 PM
377 http request GET https://registry.npmjs.org/karma-firefox-launcher
378 info attempt registry request try #3 at 4:36:04 PM
379 http request GET https://registry.npmjs.org/karma-phantomjs-launcher
380 info attempt registry request try #3 at 4:36:04 PM
381 http request GET https://registry.npmjs.org/karma-mocha
382 info attempt registry request try #3 at 4:36:04 PM
383 http request GET https://registry.npmjs.org/karma-rollup-preprocessor
384 silly fetchPackageMetaData Error: self signed certificate
384 silly fetchPackageMetaData     at Error (native)
384 silly fetchPackageMetaData     at TLSSocket.<anonymous> (_tls_wrap.js:1092:38)
384 silly fetchPackageMetaData     at emitNone (events.js:86:13)
384 silly fetchPackageMetaData     at TLSSocket.emit (events.js:185:7)
384 silly fetchPackageMetaData     at TLSSocket._finishInit (_tls_wrap.js:610:8)
384 silly fetchPackageMetaData     at TLSWrap.ssl.onhandshakedone (_tls_wrap.js:440:38)
384 silly fetchPackageMetaData  error for jake@~8.0.12 { Error: self signed certificate
384 silly fetchPackageMetaData     at Error (native)
384 silly fetchPackageMetaData     at TLSSocket.<anonymous> (_tls_wrap.js:1092:38)
384 silly fetchPackageMetaData     at emitNone (events.js:86:13)
384 silly fetchPackageMetaData     at TLSSocket.emit (events.js:185:7)
384 silly fetchPackageMetaData     at TLSSocket._finishInit (_tls_wrap.js:610:8)
384 silly fetchPackageMetaData     at TLSWrap.ssl.onhandshakedone (_tls_wrap.js:440:38) code: 'DEPTH_ZERO_SELF_SIGNED_CERT' }
385 silly fetchPackageMetaData Error: self signed certificate
385 silly fetchPackageMetaData     at Error (native)
385 silly fetchPackageMetaData     at TLSSocket.<anonymous> (_tls_wrap.js:1092:38)
385 silly fetchPackageMetaData     at emitNone (events.js:86:13)
385 silly fetchPackageMetaData     at TLSSocket.emit (events.js:185:7)
385 silly fetchPackageMetaData     at TLSSocket._finishInit (_tls_wrap.js:610:8)
385 silly fetchPackageMetaData     at TLSWrap.ssl.onhandshakedone (_tls_wrap.js:440:38)
385 silly fetchPackageMetaData  error for karma-chrome-launcher@^2.0.0 { Error: self signed certificate
385 silly fetchPackageMetaData     at Error (native)
385 silly fetchPackageMetaData     at TLSSocket.<anonymous> (_tls_wrap.js:1092:38)
385 silly fetchPackageMetaData     at emitNone (events.js:86:13)
385 silly fetchPackageMetaData     at TLSSocket.emit (events.js:185:7)
385 silly fetchPackageMetaData     at TLSSocket._finishInit (_tls_wrap.js:610:8)
385 silly fetchPackageMetaData     at TLSWrap.ssl.onhandshakedone (_tls_wrap.js:440:38) code: 'DEPTH_ZERO_SELF_SIGNED_CERT' }
386 silly fetchPackageMetaData Error: self signed certificate
386 silly fetchPackageMetaData     at Error (native)
386 silly fetchPackageMetaData     at TLSSocket.<anonymous> (_tls_wrap.js:1092:38)
386 silly fetchPackageMetaData     at emitNone (events.js:86:13)
386 silly fetchPackageMetaData     at TLSSocket.emit (events.js:185:7)
386 silly fetchPackageMetaData     at TLSSocket._finishInit (_tls_wrap.js:610:8)
386 silly fetchPackageMetaData     at TLSWrap.ssl.onhandshakedone (_tls_wrap.js:440:38)
386 silly fetchPackageMetaData  error for karma@^1.3.0 { Error: self signed certificate
386 silly fetchPackageMetaData     at Error (native)
386 silly fetchPackageMetaData     at TLSSocket.<anonymous> (_tls_wrap.js:1092:38)
386 silly fetchPackageMetaData     at emitNone (events.js:86:13)
386 silly fetchPackageMetaData     at TLSSocket.emit (events.js:185:7)
386 silly fetchPackageMetaData     at TLSSocket._finishInit (_tls_wrap.js:610:8)
386 silly fetchPackageMetaData     at TLSWrap.ssl.onhandshakedone (_tls_wrap.js:440:38) code: 'DEPTH_ZERO_SELF_SIGNED_CERT' }
387 silly fetchPackageMetaData Error: self signed certificate
387 silly fetchPackageMetaData     at Error (native)
387 silly fetchPackageMetaData     at TLSSocket.<anonymous> (_tls_wrap.js:1092:38)
387 silly fetchPackageMetaData     at emitNone (events.js:86:13)
387 silly fetchPackageMetaData     at TLSSocket.emit (events.js:185:7)
387 silly fetchPackageMetaData     at TLSSocket._finishInit (_tls_wrap.js:610:8)
387 silly fetchPackageMetaData     at TLSWrap.ssl.onhandshakedone (_tls_wrap.js:440:38)
387 silly fetchPackageMetaData  error for karma-coverage@~1.1.1 { Error: self signed certificate
387 silly fetchPackageMetaData     at Error (native)
387 silly fetchPackageMetaData     at TLSSocket.<anonymous> (_tls_wrap.js:1092:38)
387 silly fetchPackageMetaData     at emitNone (events.js:86:13)
387 silly fetchPackageMetaData     at TLSSocket.emit (events.js:185:7)
387 silly fetchPackageMetaData     at TLSSocket._finishInit (_tls_wrap.js:610:8)
387 silly fetchPackageMetaData     at TLSWrap.ssl.onhandshakedone (_tls_wrap.js:440:38) code: 'DEPTH_ZERO_SELF_SIGNED_CERT' }
388 info attempt registry request try #3 at 4:36:09 PM
389 http request GET https://registry.npmjs.org/leafdoc
390 info attempt registry request try #3 at 4:36:09 PM
391 http request GET https://registry.npmjs.org/mocha
392 info attempt registry request try #3 at 4:36:09 PM
393 http request GET https://registry.npmjs.org/karma-safari-launcher
394 silly fetchPackageMetaData Error: self signed certificate
394 silly fetchPackageMetaData     at Error (native)
394 silly fetchPackageMetaData     at TLSSocket.<anonymous> (_tls_wrap.js:1092:38)
394 silly fetchPackageMetaData     at emitNone (events.js:86:13)
394 silly fetchPackageMetaData     at TLSSocket.emit (events.js:185:7)
394 silly fetchPackageMetaData     at TLSSocket._finishInit (_tls_wrap.js:610:8)
394 silly fetchPackageMetaData     at TLSWrap.ssl.onhandshakedone (_tls_wrap.js:440:38)
394 silly fetchPackageMetaData  error for karma-firefox-launcher@~1.0.0 { Error: self signed certificate
394 silly fetchPackageMetaData     at Error (native)
394 silly fetchPackageMetaData     at TLSSocket.<anonymous> (_tls_wrap.js:1092:38)
394 silly fetchPackageMetaData     at emitNone (events.js:86:13)
394 silly fetchPackageMetaData     at TLSSocket.emit (events.js:185:7)
394 silly fetchPackageMetaData     at TLSSocket._finishInit (_tls_wrap.js:610:8)
394 silly fetchPackageMetaData     at TLSWrap.ssl.onhandshakedone (_tls_wrap.js:440:38) code: 'DEPTH_ZERO_SELF_SIGNED_CERT' }
395 info attempt registry request try #3 at 4:36:09 PM
396 http request GET https://registry.npmjs.org/phantomjs-prebuilt
397 silly fetchPackageMetaData Error: self signed certificate
397 silly fetchPackageMetaData     at Error (native)
397 silly fetchPackageMetaData     at TLSSocket.<anonymous> (_tls_wrap.js:1092:38)
397 silly fetchPackageMetaData     at emitNone (events.js:86:13)
397 silly fetchPackageMetaData     at TLSSocket.emit (events.js:185:7)
397 silly fetchPackageMetaData     at TLSSocket._finishInit (_tls_wrap.js:610:8)
397 silly fetchPackageMetaData     at TLSWrap.ssl.onhandshakedone (_tls_wrap.js:440:38)
397 silly fetchPackageMetaData  error for karma-phantomjs-launcher@^1.0.2 { Error: self signed certificate
397 silly fetchPackageMetaData     at Error (native)
397 silly fetchPackageMetaData     at TLSSocket.<anonymous> (_tls_wrap.js:1092:38)
397 silly fetchPackageMetaData     at emitNone (events.js:86:13)
397 silly fetchPackageMetaData     at TLSSocket.emit (events.js:185:7)
397 silly fetchPackageMetaData     at TLSSocket._finishInit (_tls_wrap.js:610:8)
397 silly fetchPackageMetaData     at TLSWrap.ssl.onhandshakedone (_tls_wrap.js:440:38) code: 'DEPTH_ZERO_SELF_SIGNED_CERT' }
398 silly fetchPackageMetaData Error: self signed certificate
398 silly fetchPackageMetaData     at Error (native)
398 silly fetchPackageMetaData     at TLSSocket.<anonymous> (_tls_wrap.js:1092:38)
398 silly fetchPackageMetaData     at emitNone (events.js:86:13)
398 silly fetchPackageMetaData     at TLSSocket.emit (events.js:185:7)
398 silly fetchPackageMetaData     at TLSSocket._finishInit (_tls_wrap.js:610:8)
398 silly fetchPackageMetaData     at TLSWrap.ssl.onhandshakedone (_tls_wrap.js:440:38)
398 silly fetchPackageMetaData  error for karma-mocha@^1.2.0 { Error: self signed certificate
398 silly fetchPackageMetaData     at Error (native)
398 silly fetchPackageMetaData     at TLSSocket.<anonymous> (_tls_wrap.js:1092:38)
398 silly fetchPackageMetaData     at emitNone (events.js:86:13)
398 silly fetchPackageMetaData     at TLSSocket.emit (events.js:185:7)
398 silly fetchPackageMetaData     at TLSSocket._finishInit (_tls_wrap.js:610:8)
398 silly fetchPackageMetaData     at TLSWrap.ssl.onhandshakedone (_tls_wrap.js:440:38) code: 'DEPTH_ZERO_SELF_SIGNED_CERT' }
399 silly fetchPackageMetaData Error: self signed certificate
399 silly fetchPackageMetaData     at Error (native)
399 silly fetchPackageMetaData     at TLSSocket.<anonymous> (_tls_wrap.js:1092:38)
399 silly fetchPackageMetaData     at emitNone (events.js:86:13)
399 silly fetchPackageMetaData     at TLSSocket.emit (events.js:185:7)
399 silly fetchPackageMetaData     at TLSSocket._finishInit (_tls_wrap.js:610:8)
399 silly fetchPackageMetaData     at TLSWrap.ssl.onhandshakedone (_tls_wrap.js:440:38)
399 silly fetchPackageMetaData  error for karma-rollup-preprocessor@^5.0.1 { Error: self signed certificate
399 silly fetchPackageMetaData     at Error (native)
399 silly fetchPackageMetaData     at TLSSocket.<anonymous> (_tls_wrap.js:1092:38)
399 silly fetchPackageMetaData     at emitNone (events.js:86:13)
399 silly fetchPackageMetaData     at TLSSocket.emit (events.js:185:7)
399 silly fetchPackageMetaData     at TLSSocket._finishInit (_tls_wrap.js:610:8)
399 silly fetchPackageMetaData     at TLSWrap.ssl.onhandshakedone (_tls_wrap.js:440:38) code: 'DEPTH_ZERO_SELF_SIGNED_CERT' }
400 info attempt registry request try #3 at 4:36:14 PM
401 http request GET https://registry.npmjs.org/prosthetic-hand
402 info attempt registry request try #3 at 4:36:14 PM
403 http request GET https://registry.npmjs.org/rollup
404 info attempt registry request try #3 at 4:36:14 PM
405 http request GET https://registry.npmjs.org/rollup-plugin-git-version
406 silly fetchPackageMetaData Error: self signed certificate
406 silly fetchPackageMetaData     at Error (native)
406 silly fetchPackageMetaData     at TLSSocket.<anonymous> (_tls_wrap.js:1092:38)
406 silly fetchPackageMetaData     at emitNone (events.js:86:13)
406 silly fetchPackageMetaData     at TLSSocket.emit (events.js:185:7)
406 silly fetchPackageMetaData     at TLSSocket._finishInit (_tls_wrap.js:610:8)
406 silly fetchPackageMetaData     at TLSWrap.ssl.onhandshakedone (_tls_wrap.js:440:38)
406 silly fetchPackageMetaData  error for leafdoc@^1.4.1 { Error: self signed certificate
406 silly fetchPackageMetaData     at Error (native)
406 silly fetchPackageMetaData     at TLSSocket.<anonymous> (_tls_wrap.js:1092:38)
406 silly fetchPackageMetaData     at emitNone (events.js:86:13)
406 silly fetchPackageMetaData     at TLSSocket.emit (events.js:185:7)
406 silly fetchPackageMetaData     at TLSSocket._finishInit (_tls_wrap.js:610:8)
406 silly fetchPackageMetaData     at TLSWrap.ssl.onhandshakedone (_tls_wrap.js:440:38) code: 'DEPTH_ZERO_SELF_SIGNED_CERT' }
407 info attempt registry request try #3 at 4:36:14 PM
408 http request GET https://registry.npmjs.org/rollup-plugin-json
409 silly fetchPackageMetaData Error: self signed certificate
409 silly fetchPackageMetaData     at Error (native)
409 silly fetchPackageMetaData     at TLSSocket.<anonymous> (_tls_wrap.js:1092:38)
409 silly fetchPackageMetaData     at emitNone (events.js:86:13)
409 silly fetchPackageMetaData     at TLSSocket.emit (events.js:185:7)
409 silly fetchPackageMetaData     at TLSSocket._finishInit (_tls_wrap.js:610:8)
409 silly fetchPackageMetaData     at TLSWrap.ssl.onhandshakedone (_tls_wrap.js:440:38)
409 silly fetchPackageMetaData  error for karma-safari-launcher@~1.0.0 { Error: self signed certificate
409 silly fetchPackageMetaData     at Error (native)
409 silly fetchPackageMetaData     at TLSSocket.<anonymous> (_tls_wrap.js:1092:38)
409 silly fetchPackageMetaData     at emitNone (events.js:86:13)
409 silly fetchPackageMetaData     at TLSSocket.emit (events.js:185:7)
409 silly fetchPackageMetaData     at TLSSocket._finishInit (_tls_wrap.js:610:8)
409 silly fetchPackageMetaData     at TLSWrap.ssl.onhandshakedone (_tls_wrap.js:440:38) code: 'DEPTH_ZERO_SELF_SIGNED_CERT' }
410 silly fetchPackageMetaData Error: self signed certificate
410 silly fetchPackageMetaData     at Error (native)
410 silly fetchPackageMetaData     at TLSSocket.<anonymous> (_tls_wrap.js:1092:38)
410 silly fetchPackageMetaData     at emitNone (events.js:86:13)
410 silly fetchPackageMetaData     at TLSSocket.emit (events.js:185:7)
410 silly fetchPackageMetaData     at TLSSocket._finishInit (_tls_wrap.js:610:8)
410 silly fetchPackageMetaData     at TLSWrap.ssl.onhandshakedone (_tls_wrap.js:440:38)
410 silly fetchPackageMetaData  error for mocha@^3.1.0 { Error: self signed certificate
410 silly fetchPackageMetaData     at Error (native)
410 silly fetchPackageMetaData     at TLSSocket.<anonymous> (_tls_wrap.js:1092:38)
410 silly fetchPackageMetaData     at emitNone (events.js:86:13)
410 silly fetchPackageMetaData     at TLSSocket.emit (events.js:185:7)
410 silly fetchPackageMetaData     at TLSSocket._finishInit (_tls_wrap.js:610:8)
410 silly fetchPackageMetaData     at TLSWrap.ssl.onhandshakedone (_tls_wrap.js:440:38) code: 'DEPTH_ZERO_SELF_SIGNED_CERT' }
411 silly fetchPackageMetaData Error: self signed certificate
411 silly fetchPackageMetaData     at Error (native)
411 silly fetchPackageMetaData     at TLSSocket.<anonymous> (_tls_wrap.js:1092:38)
411 silly fetchPackageMetaData     at emitNone (events.js:86:13)
411 silly fetchPackageMetaData     at TLSSocket.emit (events.js:185:7)
411 silly fetchPackageMetaData     at TLSSocket._finishInit (_tls_wrap.js:610:8)
411 silly fetchPackageMetaData     at TLSWrap.ssl.onhandshakedone (_tls_wrap.js:440:38)
411 silly fetchPackageMetaData  error for phantomjs-prebuilt@^2.1.12 { Error: self signed certificate
411 silly fetchPackageMetaData     at Error (native)
411 silly fetchPackageMetaData     at TLSSocket.<anonymous> (_tls_wrap.js:1092:38)
411 silly fetchPackageMetaData     at emitNone (events.js:86:13)
411 silly fetchPackageMetaData     at TLSSocket.emit (events.js:185:7)
411 silly fetchPackageMetaData     at TLSSocket._finishInit (_tls_wrap.js:610:8)
411 silly fetchPackageMetaData     at TLSWrap.ssl.onhandshakedone (_tls_wrap.js:440:38) code: 'DEPTH_ZERO_SELF_SIGNED_CERT' }
412 info attempt registry request try #3 at 4:36:19 PM
413 http request GET https://registry.npmjs.org/source-map
414 info attempt registry request try #3 at 4:36:19 PM
415 http request GET https://registry.npmjs.org/rollup-watch
416 info attempt registry request try #3 at 4:36:19 PM
417 http request GET https://registry.npmjs.org/ssri
418 info attempt registry request try #3 at 4:36:19 PM
419 http request GET https://registry.npmjs.org/uglify-js
420 silly fetchPackageMetaData Error: self signed certificate
420 silly fetchPackageMetaData     at Error (native)
420 silly fetchPackageMetaData     at TLSSocket.<anonymous> (_tls_wrap.js:1092:38)
420 silly fetchPackageMetaData     at emitNone (events.js:86:13)
420 silly fetchPackageMetaData     at TLSSocket.emit (events.js:185:7)
420 silly fetchPackageMetaData     at TLSSocket._finishInit (_tls_wrap.js:610:8)
420 silly fetchPackageMetaData     at TLSWrap.ssl.onhandshakedone (_tls_wrap.js:440:38)
420 silly fetchPackageMetaData  error for prosthetic-hand@^1.3.1 { Error: self signed certificate
420 silly fetchPackageMetaData     at Error (native)
420 silly fetchPackageMetaData     at TLSSocket.<anonymous> (_tls_wrap.js:1092:38)
420 silly fetchPackageMetaData     at emitNone (events.js:86:13)
420 silly fetchPackageMetaData     at TLSSocket.emit (events.js:185:7)
420 silly fetchPackageMetaData     at TLSSocket._finishInit (_tls_wrap.js:610:8)
420 silly fetchPackageMetaData     at TLSWrap.ssl.onhandshakedone (_tls_wrap.js:440:38) code: 'DEPTH_ZERO_SELF_SIGNED_CERT' }
421 silly fetchPackageMetaData Error: self signed certificate
421 silly fetchPackageMetaData     at Error (native)
421 silly fetchPackageMetaData     at TLSSocket.<anonymous> (_tls_wrap.js:1092:38)
421 silly fetchPackageMetaData     at emitNone (events.js:86:13)
421 silly fetchPackageMetaData     at TLSSocket.emit (events.js:185:7)
421 silly fetchPackageMetaData     at TLSSocket._finishInit (_tls_wrap.js:610:8)
421 silly fetchPackageMetaData     at TLSWrap.ssl.onhandshakedone (_tls_wrap.js:440:38)
421 silly fetchPackageMetaData  error for rollup@^0.51.8 { Error: self signed certificate
421 silly fetchPackageMetaData     at Error (native)
421 silly fetchPackageMetaData     at TLSSocket.<anonymous> (_tls_wrap.js:1092:38)
421 silly fetchPackageMetaData     at emitNone (events.js:86:13)
421 silly fetchPackageMetaData     at TLSSocket.emit (events.js:185:7)
421 silly fetchPackageMetaData     at TLSSocket._finishInit (_tls_wrap.js:610:8)
421 silly fetchPackageMetaData     at TLSWrap.ssl.onhandshakedone (_tls_wrap.js:440:38) code: 'DEPTH_ZERO_SELF_SIGNED_CERT' }
422 silly fetchPackageMetaData Error: self signed certificate
422 silly fetchPackageMetaData     at Error (native)
422 silly fetchPackageMetaData     at TLSSocket.<anonymous> (_tls_wrap.js:1092:38)
422 silly fetchPackageMetaData     at emitNone (events.js:86:13)
422 silly fetchPackageMetaData     at TLSSocket.emit (events.js:185:7)
422 silly fetchPackageMetaData     at TLSSocket._finishInit (_tls_wrap.js:610:8)
422 silly fetchPackageMetaData     at TLSWrap.ssl.onhandshakedone (_tls_wrap.js:440:38)
422 silly fetchPackageMetaData  error for rollup-plugin-git-version@0.2.1 { Error: self signed certificate
422 silly fetchPackageMetaData     at Error (native)
422 silly fetchPackageMetaData     at TLSSocket.<anonymous> (_tls_wrap.js:1092:38)
422 silly fetchPackageMetaData     at emitNone (events.js:86:13)
422 silly fetchPackageMetaData     at TLSSocket.emit (events.js:185:7)
422 silly fetchPackageMetaData     at TLSSocket._finishInit (_tls_wrap.js:610:8)
422 silly fetchPackageMetaData     at TLSWrap.ssl.onhandshakedone (_tls_wrap.js:440:38) code: 'DEPTH_ZERO_SELF_SIGNED_CERT' }
423 silly fetchPackageMetaData Error: self signed certificate
423 silly fetchPackageMetaData     at Error (native)
423 silly fetchPackageMetaData     at TLSSocket.<anonymous> (_tls_wrap.js:1092:38)
423 silly fetchPackageMetaData     at emitNone (events.js:86:13)
423 silly fetchPackageMetaData     at TLSSocket.emit (events.js:185:7)
423 silly fetchPackageMetaData     at TLSSocket._finishInit (_tls_wrap.js:610:8)
423 silly fetchPackageMetaData     at TLSWrap.ssl.onhandshakedone (_tls_wrap.js:440:38)
423 silly fetchPackageMetaData  error for rollup-plugin-json@^2.1.0 { Error: self signed certificate
423 silly fetchPackageMetaData     at Error (native)
423 silly fetchPackageMetaData     at TLSSocket.<anonymous> (_tls_wrap.js:1092:38)
423 silly fetchPackageMetaData     at emitNone (events.js:86:13)
423 silly fetchPackageMetaData     at TLSSocket.emit (events.js:185:7)
423 silly fetchPackageMetaData     at TLSSocket._finishInit (_tls_wrap.js:610:8)
423 silly fetchPackageMetaData     at TLSWrap.ssl.onhandshakedone (_tls_wrap.js:440:38) code: 'DEPTH_ZERO_SELF_SIGNED_CERT' }
424 silly fetchPackageMetaData Error: self signed certificate
424 silly fetchPackageMetaData     at Error (native)
424 silly fetchPackageMetaData     at TLSSocket.<anonymous> (_tls_wrap.js:1092:38)
424 silly fetchPackageMetaData     at emitNone (events.js:86:13)
424 silly fetchPackageMetaData     at TLSSocket.emit (events.js:185:7)
424 silly fetchPackageMetaData     at TLSSocket._finishInit (_tls_wrap.js:610:8)
424 silly fetchPackageMetaData     at TLSWrap.ssl.onhandshakedone (_tls_wrap.js:440:38)
424 silly fetchPackageMetaData  error for source-map@^0.5.6 { Error: self signed certificate
424 silly fetchPackageMetaData     at Error (native)
424 silly fetchPackageMetaData     at TLSSocket.<anonymous> (_tls_wrap.js:1092:38)
424 silly fetchPackageMetaData     at emitNone (events.js:86:13)
424 silly fetchPackageMetaData     at TLSSocket.emit (events.js:185:7)
424 silly fetchPackageMetaData     at TLSSocket._finishInit (_tls_wrap.js:610:8)
424 silly fetchPackageMetaData     at TLSWrap.ssl.onhandshakedone (_tls_wrap.js:440:38) code: 'DEPTH_ZERO_SELF_SIGNED_CERT' }
425 silly fetchPackageMetaData Error: self signed certificate
425 silly fetchPackageMetaData     at Error (native)
425 silly fetchPackageMetaData     at TLSSocket.<anonymous> (_tls_wrap.js:1092:38)
425 silly fetchPackageMetaData     at emitNone (events.js:86:13)
425 silly fetchPackageMetaData     at TLSSocket.emit (events.js:185:7)
425 silly fetchPackageMetaData     at TLSSocket._finishInit (_tls_wrap.js:610:8)
425 silly fetchPackageMetaData     at TLSWrap.ssl.onhandshakedone (_tls_wrap.js:440:38)
425 silly fetchPackageMetaData  error for rollup-watch@^4.3.1 { Error: self signed certificate
425 silly fetchPackageMetaData     at Error (native)
425 silly fetchPackageMetaData     at TLSSocket.<anonymous> (_tls_wrap.js:1092:38)
425 silly fetchPackageMetaData     at emitNone (events.js:86:13)
425 silly fetchPackageMetaData     at TLSSocket.emit (events.js:185:7)
425 silly fetchPackageMetaData     at TLSSocket._finishInit (_tls_wrap.js:610:8)
425 silly fetchPackageMetaData     at TLSWrap.ssl.onhandshakedone (_tls_wrap.js:440:38) code: 'DEPTH_ZERO_SELF_SIGNED_CERT' }
426 silly fetchPackageMetaData Error: self signed certificate
426 silly fetchPackageMetaData     at Error (native)
426 silly fetchPackageMetaData     at TLSSocket.<anonymous> (_tls_wrap.js:1092:38)
426 silly fetchPackageMetaData     at emitNone (events.js:86:13)
426 silly fetchPackageMetaData     at TLSSocket.emit (events.js:185:7)
426 silly fetchPackageMetaData     at TLSSocket._finishInit (_tls_wrap.js:610:8)
426 silly fetchPackageMetaData     at TLSWrap.ssl.onhandshakedone (_tls_wrap.js:440:38)
426 silly fetchPackageMetaData  error for ssri@^4.1.2 { Error: self signed certificate
426 silly fetchPackageMetaData     at Error (native)
426 silly fetchPackageMetaData     at TLSSocket.<anonymous> (_tls_wrap.js:1092:38)
426 silly fetchPackageMetaData     at emitNone (events.js:86:13)
426 silly fetchPackageMetaData     at TLSSocket.emit (events.js:185:7)
426 silly fetchPackageMetaData     at TLSSocket._finishInit (_tls_wrap.js:610:8)
426 silly fetchPackageMetaData     at TLSWrap.ssl.onhandshakedone (_tls_wrap.js:440:38) code: 'DEPTH_ZERO_SELF_SIGNED_CERT' }
427 silly fetchPackageMetaData Error: self signed certificate
427 silly fetchPackageMetaData     at Error (native)
427 silly fetchPackageMetaData     at TLSSocket.<anonymous> (_tls_wrap.js:1092:38)
427 silly fetchPackageMetaData     at emitNone (events.js:86:13)
427 silly fetchPackageMetaData     at TLSSocket.emit (events.js:185:7)
427 silly fetchPackageMetaData     at TLSSocket._finishInit (_tls_wrap.js:610:8)
427 silly fetchPackageMetaData     at TLSWrap.ssl.onhandshakedone (_tls_wrap.js:440:38)
427 silly fetchPackageMetaData  error for uglify-js@~3.0.26 { Error: self signed certificate
427 silly fetchPackageMetaData     at Error (native)
427 silly fetchPackageMetaData     at TLSSocket.<anonymous> (_tls_wrap.js:1092:38)
427 silly fetchPackageMetaData     at emitNone (events.js:86:13)
427 silly fetchPackageMetaData     at TLSSocket.emit (events.js:185:7)
427 silly fetchPackageMetaData     at TLSSocket._finishInit (_tls_wrap.js:610:8)
427 silly fetchPackageMetaData     at TLSWrap.ssl.onhandshakedone (_tls_wrap.js:440:38) code: 'DEPTH_ZERO_SELF_SIGNED_CERT' }
428 silly rollbackFailedOptional Starting
429 silly rollbackFailedOptional Finishing
430 silly runTopLevelLifecycles Finishing
431 silly install printInstalled
432 verbose stack Error: self signed certificate
432 verbose stack     at Error (native)
432 verbose stack     at TLSSocket.<anonymous> (_tls_wrap.js:1092:38)
432 verbose stack     at emitNone (events.js:86:13)
432 verbose stack     at TLSSocket.emit (events.js:185:7)
432 verbose stack     at TLSSocket._finishInit (_tls_wrap.js:610:8)
432 verbose stack     at TLSWrap.ssl.onhandshakedone (_tls_wrap.js:440:38)
433 verbose cwd /home/centin/Downloads/leaflet/source/Leaflet-1.3.1
434 error Linux 3.10.0-514.el7.x86_64
435 error argv "/usr/local/bin/node" "/usr/local/bin/npm" "i"
436 error node v6.11.3
437 error npm  v3.10.10
438 error code DEPTH_ZERO_SELF_SIGNED_CERT
439 error self signed certificate
440 error If you need help, you may report this error at:
440 error     <https://github.com/npm/npm/issues>
441 verbose exit [ 1, true ]
